Build started at 2025-11-21T12:17:07.104877
Main binary: /opt/homebrew/opt/python@3.13/bin/python3.13
Build Options: -Dgtk=disabled -Dlibpng=disabled -Dtests=disabled -Ddemos=disabled -Dopenmp=disabled -Dgnuplot=false -Dtimers=false -Dprefix=/Users/caidingding233/projects/qemu-hmos/third_party/deps/install-ohos -Dlibdir=lib -Dbuildtype=release -Ddefault_library=static -Dwrap_mode=nodownload --cross-file=/Users/caidingding233/projects/qemu-hmos/third_party/deps/.ohos-build/toolchain/aarch64-unknown-linux-ohos.ini
Python system: Darwin
The Meson build system
Version: 1.9.0
Source dir: /Users/caidingding233/projects/qemu-hmos/third_party/deps/pixman/src
Build dir: /Users/caidingding233/projects/qemu-hmos/third_party/deps/pixman/build-ohos
Build type: cross build
Project name: pixman
Project version: 0.46.5
-----------
Detecting compiler via: `/Users/caidingding233/Library/OpenHarmony/Sdk/18/native/llvm/bin/aarch64-unknown-linux-ohos-clang --version` -> 0
stdout:
OHOS (dev) clang version 15.0.4 (llvm-project 7e44bed824d29a5240f775e22e13d753a66218dd)
Target: aarch64-unknown-linux-ohos
Thread model: posix
InstalledDir: /Users/caidingding233/Library/OpenHarmony/Sdk/18/native/llvm/bin
-----------
Running command: -x c -E -dM -
-----
-----------
Detecting linker via: `/Users/caidingding233/Library/OpenHarmony/Sdk/18/native/llvm/bin/aarch64-unknown-linux-ohos-clang -Wl,--version --target=aarch64-unknown-linux-ohos --sysroot=/Users/caidingding233/Library/OpenHarmony/Sdk/18/native/sysroot` -> 0
stdout:
LLD 15.0.4 (compatible with GNU linkers)
-----------
-----------
Detecting LLD linker via: `/Users/caidingding233/Library/OpenHarmony/Sdk/18/native/llvm/bin/aarch64-unknown-linux-ohos-clang -Wl,-v --target=aarch64-unknown-linux-ohos --sysroot=/Users/caidingding233/Library/OpenHarmony/Sdk/18/native/sysroot` -> 1
stdout:
LLD 15.0.4 (compatible with GNU linkers)
-----------
stderr:
ld.lld: error: undefined symbol: main
>>> referenced by crt1.c:18 (obj/third_party/musl/intermidiates/linux/musl_src_ported/crt/crt1.c:18)
>>>               /Users/caidingding233/Library/OpenHarmony/Sdk/18/native/sysroot/usr/lib/aarch64-linux-ohos/Scrt1.o:(_start_c)
>>> referenced by crt1.c:18 (obj/third_party/musl/intermidiates/linux/musl_src_ported/crt/crt1.c:18)
>>>               /Users/caidingding233/Library/OpenHarmony/Sdk/18/native/sysroot/usr/lib/aarch64-linux-ohos/Scrt1.o:(_start_c)
clang: error: linker command failed with exit code 1 (use -v to see invocation)
-----------
Sanity testing C compiler: /Users/caidingding233/Library/OpenHarmony/Sdk/18/native/llvm/bin/aarch64-unknown-linux-ohos-clang
Is cross compiler: True.
Sanity check compiler command line: /Users/caidingding233/Library/OpenHarmony/Sdk/18/native/llvm/bin/aarch64-unknown-linux-ohos-clang sanitycheckc.c -o sanitycheckc_cross.exe --target=aarch64-unknown-linux-ohos --sysroot=/Users/caidingding233/Library/OpenHarmony/Sdk/18/native/sysroot -fPIC -D_FILE_OFFSET_BITS=64 -c
Sanity check compile stdout:

-----
Sanity check compile stderr:

-----
C compiler for the host machine: /Users/caidingding233/Library/OpenHarmony/Sdk/18/native/llvm/bin/aarch64-unknown-linux-ohos-clang (clang 15.0.4 "OHOS (dev) clang version 15.0.4 (llvm-project 7e44bed824d29a5240f775e22e13d753a66218dd)")
C linker for the host machine: /Users/caidingding233/Library/OpenHarmony/Sdk/18/native/llvm/bin/aarch64-unknown-linux-ohos-clang ld.lld 15.0.4
-----------
Detecting archiver via: `/Users/caidingding233/Library/OpenHarmony/Sdk/18/native/llvm/bin/llvm-ar --version` -> 0
stdout:
LLVM (http://llvm.org/):
  LLVM version 15.0.4
  Optimized build.
  Default target: arm64-apple-darwin25.2.0
  Host CPU: apple-m1
-----------
-----------
Detecting compiler via: `cc --version` -> 0
stdout:
Apple clang version 17.0.0 (clang-1700.4.4.1)
Target: arm64-apple-darwin25.2.0
Thread model: posix
InstalledDir: /Applications/Xcode.app/Contents/Developer/Toolchains/XcodeDefault.xctoolchain/usr/bin
-----------
Running command: -x c -E -dM -
-----
-----------
Detecting linker via: `cc -Wl,--version` -> 1
stderr:
ld: unknown options: --version 
clang: error: linker command failed with exit code 1 (use -v to see invocation)
-----------
-----------
Detecting Apple linker via: `cc -Wl,-v` -> 1
stderr:
@(#)PROGRAM:ld PROJECT:ld-1230.1
BUILD 16:18:08 Oct 17 2025
configured to support archs: armv6 armv7 armv7s arm64 arm64e arm64_32 i386 x86_64 x86_64h armv6m armv7k armv7m armv7em armv8m.main armv8.1m.main
will use ld-classic for: armv6 armv7 armv7s i386 armv6m armv7k armv7m armv7em
LTO support using: LLVM version 17.0.0 (static support for 29, runtime is 29)
TAPI support using: Apple TAPI version 17.0.0 (tapi-1700.3.8)
Library search paths:
	/Applications/Xcode.app/Contents/Developer/Platforms/MacOSX.platform/Developer/SDKs/MacOSX.sdk/usr/lib
	/Applications/Xcode.app/Contents/Developer/Platforms/MacOSX.platform/Developer/SDKs/MacOSX.sdk/usr/lib/swift
Framework search paths:
	/Applications/Xcode.app/Contents/Developer/Platforms/MacOSX.platform/Developer/SDKs/MacOSX.sdk/System/Library/Frameworks
Undefined symbols for architecture arm64:
  "_main", referenced from:
      <initial-undefines>
ld: symbol(s) not found for architecture arm64
clang: error: linker command failed with exit code 1 (use -v to see invocation)
-----------
Sanity testing C compiler: cc
Is cross compiler: False.
Sanity check compiler command line: cc sanitycheckc.c -o sanitycheckc.exe
Sanity check compile stdout:

-----
Sanity check compile stderr:

-----
Running test binary command:  /Users/caidingding233/projects/qemu-hmos/third_party/deps/pixman/build-ohos/meson-private/sanitycheckc.exe
-----------
Sanity check: `/Users/caidingding233/projects/qemu-hmos/third_party/deps/pixman/build-ohos/meson-private/sanitycheckc.exe` -> 0
C compiler for the build machine: cc (clang 17.0.0 "Apple clang version 17.0.0 (clang-1700.4.4.1)")
C linker for the build machine: cc ld64 1230.1
-----------
Detecting archiver via: `llvm-ar-17 --version` -> [Errno 2] No such file or directory: 'llvm-ar-17'
-----------
Detecting archiver via: `llvm-ar --version` -> [Errno 2] No such file or directory: 'llvm-ar'
-----------
Detecting archiver via: `ar --version` -> 1
stderr:
usage:  ar -d [-TLsv] archive file ...
	ar -m [-TLsv] archive file ...
	ar -m [-abiTLsv] position archive file ...
	ar -p [-TLsv] archive [file ...]
	ar -q [-cTLsv] archive file ...
	ar -r [-cuTLsv] archive file ...
	ar -r [-abciuTLsv] position archive file ...
	ar -t [-TLsv] archive [file ...]
	ar -x [-ouTLsv] archive [file ...]
-----------
Build machine cpu family: aarch64
Build machine cpu: aarch64
Host machine cpu family: aarch64
Host machine cpu: aarch64
Target machine cpu family: aarch64
Target machine cpu: aarch64
Running compile:
Working directory:  /Users/caidingding233/projects/qemu-hmos/third_party/deps/pixman/build-ohos/meson-private/tmpn1ffx4nr
Code:
extern int i;
int i;

-----------
Command line: `/Users/caidingding233/Library/OpenHarmony/Sdk/18/native/llvm/bin/aarch64-unknown-linux-ohos-clang /Users/caidingding233/projects/qemu-hmos/third_party/deps/pixman/build-ohos/meson-private/tmpn1ffx4nr/testfile.c -o /Users/caidingding233/projects/qemu-hmos/third_party/deps/pixman/build-ohos/meson-private/tmpn1ffx4nr/output.obj -c --target=aarch64-unknown-linux-ohos --sysroot=/Users/caidingding233/Library/OpenHarmony/Sdk/18/native/sysroot -fPIC -D_FILE_OFFSET_BITS=64 -O0 -Werror=implicit-function-declaration -Werror=unknown-warning-option -Werror=unused-command-line-argument -Werror=ignored-optimization-argument -Wdeclaration-after-statement` -> 0
Compiler for C supports arguments -Wdeclaration-after-statement: YES 
Running compile:
Working directory:  /Users/caidingding233/projects/qemu-hmos/third_party/deps/pixman/build-ohos/meson-private/tmpsgtl435r
Code:
extern int i;
int i;

-----------
Command line: `/Users/caidingding233/Library/OpenHarmony/Sdk/18/native/llvm/bin/aarch64-unknown-linux-ohos-clang /Users/caidingding233/projects/qemu-hmos/third_party/deps/pixman/build-ohos/meson-private/tmpsgtl435r/testfile.c -o /Users/caidingding233/projects/qemu-hmos/third_party/deps/pixman/build-ohos/meson-private/tmpsgtl435r/output.obj -c --target=aarch64-unknown-linux-ohos --sysroot=/Users/caidingding233/Library/OpenHarmony/Sdk/18/native/sysroot -fPIC -D_FILE_OFFSET_BITS=64 -O0 -Werror=implicit-function-declaration -Werror=unknown-warning-option -Werror=unused-command-line-argument -Werror=ignored-optimization-argument -fno-strict-aliasing` -> 0
Compiler for C supports arguments -fno-strict-aliasing: YES 
Running compile:
Working directory:  /Users/caidingding233/projects/qemu-hmos/third_party/deps/pixman/build-ohos/meson-private/tmpc70bpdj4
Code:
extern int i;
int i;

-----------
Command line: `/Users/caidingding233/Library/OpenHarmony/Sdk/18/native/llvm/bin/aarch64-unknown-linux-ohos-clang /Users/caidingding233/projects/qemu-hmos/third_party/deps/pixman/build-ohos/meson-private/tmpc70bpdj4/testfile.c -o /Users/caidingding233/projects/qemu-hmos/third_party/deps/pixman/build-ohos/meson-private/tmpc70bpdj4/output.obj -c --target=aarch64-unknown-linux-ohos --sysroot=/Users/caidingding233/Library/OpenHarmony/Sdk/18/native/sysroot -fPIC -D_FILE_OFFSET_BITS=64 -O0 -Werror=implicit-function-declaration -Werror=unknown-warning-option -Werror=unused-command-line-argument -Werror=ignored-optimization-argument -fvisibility=hidden` -> 0
Compiler for C supports arguments -fvisibility=hidden: YES 
Running compile:
Working directory:  /Users/caidingding233/projects/qemu-hmos/third_party/deps/pixman/build-ohos/meson-private/tmpovvq8ya7
Code:
extern int i;
int i;

-----------
Command line: `/Users/caidingding233/Library/OpenHarmony/Sdk/18/native/llvm/bin/aarch64-unknown-linux-ohos-clang /Users/caidingding233/projects/qemu-hmos/third_party/deps/pixman/build-ohos/meson-private/tmpovvq8ya7/testfile.c -o /Users/caidingding233/projects/qemu-hmos/third_party/deps/pixman/build-ohos/meson-private/tmpovvq8ya7/output.obj -c --target=aarch64-unknown-linux-ohos --sysroot=/Users/caidingding233/Library/OpenHarmony/Sdk/18/native/sysroot -fPIC -D_FILE_OFFSET_BITS=64 -O0 -Werror=implicit-function-declaration -Werror=unknown-warning-option -Werror=unused-command-line-argument -Werror=ignored-optimization-argument -Wundef` -> 0
Compiler for C supports arguments -Wundef: YES 
Running compile:
Working directory:  /Users/caidingding233/projects/qemu-hmos/third_party/deps/pixman/build-ohos/meson-private/tmpt4eslpen
Code:
extern int i;
int i;

-----------
Command line: `/Users/caidingding233/Library/OpenHarmony/Sdk/18/native/llvm/bin/aarch64-unknown-linux-ohos-clang /Users/caidingding233/projects/qemu-hmos/third_party/deps/pixman/build-ohos/meson-private/tmpt4eslpen/testfile.c -o /Users/caidingding233/projects/qemu-hmos/third_party/deps/pixman/build-ohos/meson-private/tmpt4eslpen/output.obj -c --target=aarch64-unknown-linux-ohos --sysroot=/Users/caidingding233/Library/OpenHarmony/Sdk/18/native/sysroot -fPIC -D_FILE_OFFSET_BITS=64 -O0 -Werror=implicit-function-declaration -Werror=unknown-warning-option -Werror=unused-command-line-argument -Werror=ignored-optimization-argument -ftrapping-math` -> 0
stderr:
warning: overriding currently unsupported use of floating point exceptions on this target [-Wunsupported-floating-point-opt]
1 warning generated.
-----------
Compiler for C supports arguments -ftrapping-math: YES 
Running compile:
Working directory:  /Users/caidingding233/projects/qemu-hmos/third_party/deps/pixman/build-ohos/meson-private/tmpado97nmb
Code:
extern int i;
int i;

-----------
Command line: `/Users/caidingding233/Library/OpenHarmony/Sdk/18/native/llvm/bin/aarch64-unknown-linux-ohos-clang /Users/caidingding233/projects/qemu-hmos/third_party/deps/pixman/build-ohos/meson-private/tmpado97nmb/testfile.c -o /Users/caidingding233/projects/qemu-hmos/third_party/deps/pixman/build-ohos/meson-private/tmpado97nmb/output.obj -c --target=aarch64-unknown-linux-ohos --sysroot=/Users/caidingding233/Library/OpenHarmony/Sdk/18/native/sysroot -fPIC -D_FILE_OFFSET_BITS=64 -O0 -Werror=implicit-function-declaration -Werror=unknown-warning-option -Werror=unused-command-line-argument -Werror=ignored-optimization-argument -Wunused-local-typedefs` -> 0
Compiler for C supports arguments -Wunused-local-typedefs: YES 
Running compile:
Working directory:  /Users/caidingding233/projects/qemu-hmos/third_party/deps/pixman/build-ohos/meson-private/tmpka_8zrov
Code:

    __asm__ (
    ".func meson_test"
    ".endfunc"
    );
-----------
Command line: `/Users/caidingding233/Library/OpenHarmony/Sdk/18/native/llvm/bin/aarch64-unknown-linux-ohos-clang /Users/caidingding233/projects/qemu-hmos/third_party/deps/pixman/build-ohos/meson-private/tmpka_8zrov/testfile.c -o /Users/caidingding233/projects/qemu-hmos/third_party/deps/pixman/build-ohos/meson-private/tmpka_8zrov/output.obj -c --target=aarch64-unknown-linux-ohos --sysroot=/Users/caidingding233/Library/OpenHarmony/Sdk/18/native/sysroot -fPIC -D_FILE_OFFSET_BITS=64 -O0 -Werror=implicit-function-declaration -Werror=unknown-warning-option -Werror=unused-command-line-argument -Werror=ignored-optimization-argument -std=gnu99` -> 1
stderr:
<inline asm>:1:1: error: unknown directive
.func meson_test.endfunc
^
1 error generated.
-----------
Checking if "test for ASM .func directive" compiles: NO 
Running compile:
Working directory:  /Users/caidingding233/projects/qemu-hmos/third_party/deps/pixman/build-ohos/meson-private/tmpf5893i3b
Code:

    __asm__ (
    ".syntax unified\n"
    );
-----------
Command line: `/Users/caidingding233/Library/OpenHarmony/Sdk/18/native/llvm/bin/aarch64-unknown-linux-ohos-clang /Users/caidingding233/projects/qemu-hmos/third_party/deps/pixman/build-ohos/meson-private/tmpf5893i3b/testfile.c -o /Users/caidingding233/projects/qemu-hmos/third_party/deps/pixman/build-ohos/meson-private/tmpf5893i3b/output.obj -c --target=aarch64-unknown-linux-ohos --sysroot=/Users/caidingding233/Library/OpenHarmony/Sdk/18/native/sysroot -fPIC -D_FILE_OFFSET_BITS=64 -O0 -Werror=implicit-function-declaration -Werror=unknown-warning-option -Werror=unused-command-line-argument -Werror=ignored-optimization-argument -std=gnu99` -> 1
stderr:
<inline asm>:1:1: error: unknown directive
.syntax unified
^
1 error generated.
-----------
Checking if "test for ASM .syntax unified directive" compiles: NO 
Running compile:
Working directory:  /Users/caidingding233/projects/qemu-hmos/third_party/deps/pixman/build-ohos/meson-private/tmp4t9dpzah
Code:

    #include <stdint.h>

    __asm__ (
        "   .global _testlabel\n"
        "_testlabel:\n"
    );

    int testlabel();
    int main(int argc, char* argv[]) {
        return testlabel();
    }
-----------
Command line: `/Users/caidingding233/Library/OpenHarmony/Sdk/18/native/llvm/bin/aarch64-unknown-linux-ohos-clang /Users/caidingding233/projects/qemu-hmos/third_party/deps/pixman/build-ohos/meson-private/tmp4t9dpzah/testfile.c -o /Users/caidingding233/projects/qemu-hmos/third_party/deps/pixman/build-ohos/meson-private/tmp4t9dpzah/output.exe --target=aarch64-unknown-linux-ohos --sysroot=/Users/caidingding233/Library/OpenHarmony/Sdk/18/native/sysroot -fPIC -D_FILE_OFFSET_BITS=64 -O0 -Werror=implicit-function-declaration -std=gnu99` -> 1
stderr:
ld.lld: error: undefined symbol: testlabel
>>> referenced by testfile.c
>>>               /var/folders/xr/zd6qfk3n09g8z4n8z17d678r0000gn/T/testfile-5bb000.o:(main)
>>> did you mean: _testlabel
>>> defined in: /var/folders/xr/zd6qfk3n09g8z4n8z17d678r0000gn/T/testfile-5bb000.o
clang: error: linker command failed with exit code 1 (use -v to see invocation)
-----------
Checking if "test for ASM leading underscore" links: NO 
Running compile:
Working directory:  /Users/caidingding233/projects/qemu-hmos/third_party/deps/pixman/build-ohos/meson-private/tmphvfc7oh1
Source file: /Users/caidingding233/projects/qemu-hmos/third_party/deps/pixman/src/a64-neon-test.S
-----------
Command line: `/Users/caidingding233/Library/OpenHarmony/Sdk/18/native/llvm/bin/aarch64-unknown-linux-ohos-clang /Users/caidingding233/projects/qemu-hmos/third_party/deps/pixman/src/a64-neon-test.S -o /Users/caidingding233/projects/qemu-hmos/third_party/deps/pixman/build-ohos/meson-private/tmphvfc7oh1/output.obj -c --target=aarch64-unknown-linux-ohos --sysroot=/Users/caidingding233/Library/OpenHarmony/Sdk/18/native/sysroot -fPIC -D_FILE_OFFSET_BITS=64 -O0 -Werror=implicit-function-declaration -Werror=unknown-warning-option -Werror=unused-command-line-argument -Werror=ignored-optimization-argument -std=gnu99` -> 0
Checking if "NEON A64 Intrinsic Support" compiles: YES 
Running compile:
Working directory:  /Users/caidingding233/projects/qemu-hmos/third_party/deps/pixman/build-ohos/meson-private/tmpzg2us3dt
Code:

      int main () {
        /* Most modern architectures have a NOP instruction, so this is a fairly generic test. */
        asm volatile ( "\tnop\n" : : : "cc", "memory" );
        return 0;
      }
      
-----------
Command line: `/Users/caidingding233/Library/OpenHarmony/Sdk/18/native/llvm/bin/aarch64-unknown-linux-ohos-clang /Users/caidingding233/projects/qemu-hmos/third_party/deps/pixman/build-ohos/meson-private/tmpzg2us3dt/testfile.c -o /Users/caidingding233/projects/qemu-hmos/third_party/deps/pixman/build-ohos/meson-private/tmpzg2us3dt/output.obj -c --target=aarch64-unknown-linux-ohos --sysroot=/Users/caidingding233/Library/OpenHarmony/Sdk/18/native/sysroot -fPIC -D_FILE_OFFSET_BITS=64 -O0 -Werror=implicit-function-declaration -Werror=unknown-warning-option -Werror=unused-command-line-argument -Werror=ignored-optimization-argument -std=gnu99` -> 0
Checking if "GNU Inline ASM support." compiles: YES 
Dependency openmp skipped: feature openmp disabled
Pkg-config binary for host machine specified from cross file, native file, or env var as ['/Users/caidingding233/projects/qemu-hmos/third_party/deps/.ohos-build/toolchain/aarch64-unknown-linux-ohos-pkg-config']
Found pkg-config: YES (/Users/caidingding233/projects/qemu-hmos/third_party/deps/.ohos-build/toolchain/aarch64-unknown-linux-ohos-pkg-config) 2.5.1
Determining dependency 'gtk+-3.0' with pkg-config executable '/Users/caidingding233/projects/qemu-hmos/third_party/deps/.ohos-build/toolchain/aarch64-unknown-linux-ohos-pkg-config'
env[PKG_CONFIG_LIBDIR]: /Users/caidingding233/projects/qemu-hmos/third_party/deps/install-ohos/lib/pkgconfig:/Users/caidingding233/Library/OpenHarmony/Sdk/18/native/sysroot/usr/lib/pkgconfig
env[PKG_CONFIG]: /Users/caidingding233/projects/qemu-hmos/third_party/deps/.ohos-build/toolchain/aarch64-unknown-linux-ohos-pkg-config
env[PKG_CONFIG_PATH]: 
env[PKG_CONFIG_SYSROOT_DIR]: /Users/caidingding233/Library/OpenHarmony/Sdk/18/native/sysroot
-----------
Called: `/Users/caidingding233/projects/qemu-hmos/third_party/deps/.ohos-build/toolchain/aarch64-unknown-linux-ohos-pkg-config --modversion gtk+-3.0` -> 1
stderr:
Package gtk+-3.0 was not found in the pkg-config search path.
Perhaps you should add the directory containing `gtk+-3.0.pc'
to the PKG_CONFIG_PATH environment variable
Package 'gtk+-3.0' not found
-----------
CMake binary for host machine is not cached
CMake binary for host machine specified from cross file, native file, or env var as ['cmake']
Found CMake: /opt/homebrew/bin/cmake (4.0.3)
Extracting basic cmake information
CMake Toolchain: Calling CMake once to generate the compiler state
Calling CMake (['/opt/homebrew/bin/cmake']) in /Users/caidingding233/projects/qemu-hmos/third_party/deps/pixman/build-ohos/meson-private/__CMake_compiler_info__ with:
  - "--trace-expand"
  - "--trace-format=json-v1"
  - "--no-warn-unused-cli"
  - "--trace-redirect=cmake_trace.txt"
  - "-G"
  - "Ninja"
  - "-DCMAKE_TOOLCHAIN_FILE=/Users/caidingding233/projects/qemu-hmos/third_party/deps/pixman/build-ohos/meson-private/__CMake_compiler_info__/CMakeMesonTempToolchainFile.cmake"
  - "."
CMake trace warning: add_executable() non imported executables are not supported
CMake TRACE: /Users/caidingding233/projects/qemu-hmos/third_party/deps/pixman/build-ohos/meson-private/__CMake_compiler_info__/CMakeFiles/CMakeScratch/TryCompile-2NDrNG/CMakeLists.txt:22 add_executable(['cmTC_558db'])
CMake trace warning: target_link_libraries() TARGET cmTC_558db not found
CMake TRACE: /Users/caidingding233/projects/qemu-hmos/third_party/deps/pixman/build-ohos/meson-private/__CMake_compiler_info__/CMakeFiles/CMakeScratch/TryCompile-2NDrNG/CMakeLists.txt:28 target_link_libraries(['cmTC_558db', ''])
Try CMake generator: auto
Calling CMake (['/opt/homebrew/bin/cmake']) in /Users/caidingding233/projects/qemu-hmos/third_party/deps/pixman/build-ohos/meson-private/cmake_gtk+-3.0 with:
  - "--trace-expand"
  - "--trace-format=json-v1"
  - "--no-warn-unused-cli"
  - "--trace-redirect=cmake_trace.txt"
  - "-DCMAKE_TOOLCHAIN_FILE=/Users/caidingding233/projects/qemu-hmos/third_party/deps/pixman/build-ohos/meson-private/cmake_gtk+-3.0/CMakeMesonToolchainFile.cmake"
  - "."
  -- Module search paths:    ['/', '/Users/caidingding233/Library/OpenHarmony/Sdk/18/native/sysroot', '/Users/caidingding233/Library/OpenHarmony/Sdk/18/native/sysroot/usr', '/opt', '/opt/homebrew', '/usr', '/usr/local']
  -- CMake root:             /opt/homebrew/share/cmake
  -- CMake architectures:    []
  -- CMake lib search paths: ['lib', 'lib32', 'lib64', 'libx32', 'share', '']
Preliminary CMake check failed. Aborting.
Run-time dependency gtk+-3.0 found: NO (tried pkgconfig and cmake)
Determining dependency 'glib-2.0' with pkg-config executable '/Users/caidingding233/projects/qemu-hmos/third_party/deps/.ohos-build/toolchain/aarch64-unknown-linux-ohos-pkg-config'
env[PKG_CONFIG_LIBDIR]: /Users/caidingding233/projects/qemu-hmos/third_party/deps/install-ohos/lib/pkgconfig:/Users/caidingding233/Library/OpenHarmony/Sdk/18/native/sysroot/usr/lib/pkgconfig
env[PKG_CONFIG]: /Users/caidingding233/projects/qemu-hmos/third_party/deps/.ohos-build/toolchain/aarch64-unknown-linux-ohos-pkg-config
env[PKG_CONFIG_PATH]: 
env[PKG_CONFIG_SYSROOT_DIR]: /Users/caidingding233/Library/OpenHarmony/Sdk/18/native/sysroot
-----------
Called: `/Users/caidingding233/projects/qemu-hmos/third_party/deps/.ohos-build/toolchain/aarch64-unknown-linux-ohos-pkg-config --modversion glib-2.0` -> 0
stdout:
2.85.4
-----------
env[PKG_CONFIG_LIBDIR]: /Users/caidingding233/projects/qemu-hmos/third_party/deps/install-ohos/lib/pkgconfig:/Users/caidingding233/Library/OpenHarmony/Sdk/18/native/sysroot/usr/lib/pkgconfig
env[PKG_CONFIG]: /Users/caidingding233/projects/qemu-hmos/third_party/deps/.ohos-build/toolchain/aarch64-unknown-linux-ohos-pkg-config
env[PKG_CONFIG_PATH]: 
env[PKG_CONFIG_SYSROOT_DIR]: /Users/caidingding233/Library/OpenHarmony/Sdk/18/native/sysroot
-----------
Called: `/Users/caidingding233/projects/qemu-hmos/third_party/deps/.ohos-build/toolchain/aarch64-unknown-linux-ohos-pkg-config --cflags glib-2.0` -> 0
stdout:
-I/Users/caidingding233/Library/OpenHarmony/Sdk/18/native/sysroot/Users/caidingding233/projects/qemu-hmos/third_party/deps/install-ohos/include/glib-2.0 -pthread -I/Users/caidingding233/Library/OpenHarmony/Sdk/18/native/sysroot/Users/caidingding233/projects/qemu-hmos/third_party/deps/install-ohos/lib/glib-2.0/include -I/Users/caidingding233/Library/OpenHarmony/Sdk/18/native/sysroot/Users/caidingding233/projects/qemu-hmos/third_party/deps/install-ohos/include -DPCRE2_STATIC
-----------
env[PKG_CONFIG_LIBDIR]: /Users/caidingding233/projects/qemu-hmos/third_party/deps/install-ohos/lib/pkgconfig:/Users/caidingding233/Library/OpenHarmony/Sdk/18/native/sysroot/usr/lib/pkgconfig
env[PKG_CONFIG]: /Users/caidingding233/projects/qemu-hmos/third_party/deps/.ohos-build/toolchain/aarch64-unknown-linux-ohos-pkg-config
env[PKG_CONFIG_ALLOW_SYSTEM_LIBS]: 1
env[PKG_CONFIG_PATH]: 
env[PKG_CONFIG_SYSROOT_DIR]: /Users/caidingding233/Library/OpenHarmony/Sdk/18/native/sysroot
-----------
Called: `/Users/caidingding233/projects/qemu-hmos/third_party/deps/.ohos-build/toolchain/aarch64-unknown-linux-ohos-pkg-config --libs glib-2.0` -> 0
stdout:
-L/Users/caidingding233/Library/OpenHarmony/Sdk/18/native/sysroot/Users/caidingding233/projects/qemu-hmos/third_party/deps/install-ohos/lib -lglib-2.0 -lintl -lm -pthread -lpcre2-8
-----------
env[PKG_CONFIG_LIBDIR]: /Users/caidingding233/projects/qemu-hmos/third_party/deps/install-ohos/lib/pkgconfig:/Users/caidingding233/Library/OpenHarmony/Sdk/18/native/sysroot/usr/lib/pkgconfig
env[PKG_CONFIG]: /Users/caidingding233/projects/qemu-hmos/third_party/deps/.ohos-build/toolchain/aarch64-unknown-linux-ohos-pkg-config
env[PKG_CONFIG_PATH]: 
env[PKG_CONFIG_SYSROOT_DIR]: /Users/caidingding233/Library/OpenHarmony/Sdk/18/native/sysroot
-----------
Called: `/Users/caidingding233/projects/qemu-hmos/third_party/deps/.ohos-build/toolchain/aarch64-unknown-linux-ohos-pkg-config --libs glib-2.0` -> 0
stdout:
-L/Users/caidingding233/Library/OpenHarmony/Sdk/18/native/sysroot/Users/caidingding233/projects/qemu-hmos/third_party/deps/install-ohos/lib -lglib-2.0 -lintl -lm -pthread -lpcre2-8
-----------
Running compile:
Working directory:  /Users/caidingding233/projects/qemu-hmos/third_party/deps/pixman/build-ohos/meson-private/tmpaz_x3j2w
Code:

        #include <stddef.h>
        int main(void) {
            void * something;
            return 0;
        }
-----------
Command line: `/Users/caidingding233/Library/OpenHarmony/Sdk/18/native/llvm/bin/aarch64-unknown-linux-ohos-clang /Users/caidingding233/projects/qemu-hmos/third_party/deps/pixman/build-ohos/meson-private/tmpaz_x3j2w/testfile.c -o /Users/caidingding233/projects/qemu-hmos/third_party/deps/pixman/build-ohos/meson-private/tmpaz_x3j2w/output.obj -c --target=aarch64-unknown-linux-ohos --sysroot=/Users/caidingding233/Library/OpenHarmony/Sdk/18/native/sysroot -fPIC -D_FILE_OFFSET_BITS=64 -O0 -Werror=implicit-function-declaration -Werror=unknown-warning-option -Werror=unused-command-line-argument -Werror=ignored-optimization-argument` -> 0
Running compile:
Working directory:  /var/folders/xr/zd6qfk3n09g8z4n8z17d678r0000gn/T/tmpgfl4vj6v
Code:

        
        #ifndef sizeof(void *)
        # define sizeof(void *) "MESON_GET_DEFINE_UNDEFINED_SENTINEL"
        #endif
        "MESON_GET_DEFINE_DELIMITER_START"
sizeof(void *)
"MESON_GET_DEFINE_DELIMITER_END"
-----------
Command line: `/Users/caidingding233/Library/OpenHarmony/Sdk/18/native/llvm/bin/aarch64-unknown-linux-ohos-clang /var/folders/xr/zd6qfk3n09g8z4n8z17d678r0000gn/T/tmpgfl4vj6v/testfile.c -E -P --target=aarch64-unknown-linux-ohos --sysroot=/Users/caidingding233/Library/OpenHarmony/Sdk/18/native/sysroot -fPIC -D_FILE_OFFSET_BITS=64 -P -O0 -Werror=implicit-function-declaration` -> 1
stdout:
"MESON_GET_DEFINE_DELIMITER_START"
sizeof(void *)
"MESON_GET_DEFINE_DELIMITER_END"
-----------
stderr:
/var/folders/xr/zd6qfk3n09g8z4n8z17d678r0000gn/T/tmpgfl4vj6v/testfile.c:3:23: warning: extra tokens at end of #ifndef directive [-Wextra-tokens]
        #ifndef sizeof(void *)
                      ^
                      //
/var/folders/xr/zd6qfk3n09g8z4n8z17d678r0000gn/T/tmpgfl4vj6v/testfile.c:4:30: error: expected comma in macro parameter list
        # define sizeof(void *) "MESON_GET_DEFINE_UNDEFINED_SENTINEL"
                             ^
1 warning and 1 error generated.
-----------
Running compile:
Working directory:  /Users/caidingding233/projects/qemu-hmos/third_party/deps/pixman/build-ohos/meson-private/tmpefe0pfj1
Code:

        #include <stddef.h>
        int main(void) { static int a[1-2*!(sizeof(void *) >= 0)]; a[0]=0; return 0; }
-----------
Command line: `/Users/caidingding233/Library/OpenHarmony/Sdk/18/native/llvm/bin/aarch64-unknown-linux-ohos-clang /Users/caidingding233/projects/qemu-hmos/third_party/deps/pixman/build-ohos/meson-private/tmpefe0pfj1/testfile.c -o /Users/caidingding233/projects/qemu-hmos/third_party/deps/pixman/build-ohos/meson-private/tmpefe0pfj1/output.obj -c --target=aarch64-unknown-linux-ohos --sysroot=/Users/caidingding233/Library/OpenHarmony/Sdk/18/native/sysroot -fPIC -D_FILE_OFFSET_BITS=64 -O0 -Werror=implicit-function-declaration -Werror=unknown-warning-option -Werror=unused-command-line-argument -Werror=ignored-optimization-argument` -> 0
Running compile:
Working directory:  /Users/caidingding233/projects/qemu-hmos/third_party/deps/pixman/build-ohos/meson-private/tmptj5d9a35
Code:

        #include <stddef.h>
        int main(void) { static int a[1-2*!(sizeof(void *) > 0)]; a[0]=0; return 0; }
-----------
Command line: `/Users/caidingding233/Library/OpenHarmony/Sdk/18/native/llvm/bin/aarch64-unknown-linux-ohos-clang /Users/caidingding233/projects/qemu-hmos/third_party/deps/pixman/build-ohos/meson-private/tmptj5d9a35/testfile.c -o /Users/caidingding233/projects/qemu-hmos/third_party/deps/pixman/build-ohos/meson-private/tmptj5d9a35/output.obj -c --target=aarch64-unknown-linux-ohos --sysroot=/Users/caidingding233/Library/OpenHarmony/Sdk/18/native/sysroot -fPIC -D_FILE_OFFSET_BITS=64 -O0 -Werror=implicit-function-declaration -Werror=unknown-warning-option -Werror=unused-command-line-argument -Werror=ignored-optimization-argument` -> 0
Running compile:
Working directory:  /Users/caidingding233/projects/qemu-hmos/third_party/deps/pixman/build-ohos/meson-private/tmp0d9v1ecy
Code:

        #include <stddef.h>
        int main(void) { static int a[1-2*!(sizeof(void *) > 1)]; a[0]=0; return 0; }
-----------
Command line: `/Users/caidingding233/Library/OpenHarmony/Sdk/18/native/llvm/bin/aarch64-unknown-linux-ohos-clang /Users/caidingding233/projects/qemu-hmos/third_party/deps/pixman/build-ohos/meson-private/tmp0d9v1ecy/testfile.c -o /Users/caidingding233/projects/qemu-hmos/third_party/deps/pixman/build-ohos/meson-private/tmp0d9v1ecy/output.obj -c --target=aarch64-unknown-linux-ohos --sysroot=/Users/caidingding233/Library/OpenHarmony/Sdk/18/native/sysroot -fPIC -D_FILE_OFFSET_BITS=64 -O0 -Werror=implicit-function-declaration -Werror=unknown-warning-option -Werror=unused-command-line-argument -Werror=ignored-optimization-argument` -> 0
Running compile:
Working directory:  /Users/caidingding233/projects/qemu-hmos/third_party/deps/pixman/build-ohos/meson-private/tmptg7b2kmf
Code:

        #include <stddef.h>
        int main(void) { static int a[1-2*!(sizeof(void *) > 3)]; a[0]=0; return 0; }
-----------
Command line: `/Users/caidingding233/Library/OpenHarmony/Sdk/18/native/llvm/bin/aarch64-unknown-linux-ohos-clang /Users/caidingding233/projects/qemu-hmos/third_party/deps/pixman/build-ohos/meson-private/tmptg7b2kmf/testfile.c -o /Users/caidingding233/projects/qemu-hmos/third_party/deps/pixman/build-ohos/meson-private/tmptg7b2kmf/output.obj -c --target=aarch64-unknown-linux-ohos --sysroot=/Users/caidingding233/Library/OpenHarmony/Sdk/18/native/sysroot -fPIC -D_FILE_OFFSET_BITS=64 -O0 -Werror=implicit-function-declaration -Werror=unknown-warning-option -Werror=unused-command-line-argument -Werror=ignored-optimization-argument` -> 0
Running compile:
Working directory:  /Users/caidingding233/projects/qemu-hmos/third_party/deps/pixman/build-ohos/meson-private/tmp6qi5p801
Code:

        #include <stddef.h>
        int main(void) { static int a[1-2*!(sizeof(void *) > 7)]; a[0]=0; return 0; }
-----------
Command line: `/Users/caidingding233/Library/OpenHarmony/Sdk/18/native/llvm/bin/aarch64-unknown-linux-ohos-clang /Users/caidingding233/projects/qemu-hmos/third_party/deps/pixman/build-ohos/meson-private/tmp6qi5p801/testfile.c -o /Users/caidingding233/projects/qemu-hmos/third_party/deps/pixman/build-ohos/meson-private/tmp6qi5p801/output.obj -c --target=aarch64-unknown-linux-ohos --sysroot=/Users/caidingding233/Library/OpenHarmony/Sdk/18/native/sysroot -fPIC -D_FILE_OFFSET_BITS=64 -O0 -Werror=implicit-function-declaration -Werror=unknown-warning-option -Werror=unused-command-line-argument -Werror=ignored-optimization-argument` -> 0
Running compile:
Working directory:  /Users/caidingding233/projects/qemu-hmos/third_party/deps/pixman/build-ohos/meson-private/tmpcn032imt
Code:

        #include <stddef.h>
        int main(void) { static int a[1-2*!(sizeof(void *) > 15)]; a[0]=0; return 0; }
-----------
Command line: `/Users/caidingding233/Library/OpenHarmony/Sdk/18/native/llvm/bin/aarch64-unknown-linux-ohos-clang /Users/caidingding233/projects/qemu-hmos/third_party/deps/pixman/build-ohos/meson-private/tmpcn032imt/testfile.c -o /Users/caidingding233/projects/qemu-hmos/third_party/deps/pixman/build-ohos/meson-private/tmpcn032imt/output.obj -c --target=aarch64-unknown-linux-ohos --sysroot=/Users/caidingding233/Library/OpenHarmony/Sdk/18/native/sysroot -fPIC -D_FILE_OFFSET_BITS=64 -O0 -Werror=implicit-function-declaration -Werror=unknown-warning-option -Werror=unused-command-line-argument -Werror=ignored-optimization-argument` -> 1
stderr:
/Users/caidingding233/projects/qemu-hmos/third_party/deps/pixman/build-ohos/meson-private/tmpcn032imt/testfile.c:3:39: error: 'a' declared as an array with a negative size
        int main(void) { static int a[1-2*!(sizeof(void *) > 15)]; a[0]=0; return 0; }
                                      ^~~~~~~~~~~~~~~~~~~~~~~~~~
1 error generated.
-----------
Running compile:
Working directory:  /Users/caidingding233/projects/qemu-hmos/third_party/deps/pixman/build-ohos/meson-private/tmpzseetg9e
Code:

        #include <stddef.h>
        int main(void) { static int a[1-2*!(sizeof(void *) <= 11)]; a[0]=0; return 0; }
-----------
Command line: `/Users/caidingding233/Library/OpenHarmony/Sdk/18/native/llvm/bin/aarch64-unknown-linux-ohos-clang /Users/caidingding233/projects/qemu-hmos/third_party/deps/pixman/build-ohos/meson-private/tmpzseetg9e/testfile.c -o /Users/caidingding233/projects/qemu-hmos/third_party/deps/pixman/build-ohos/meson-private/tmpzseetg9e/output.obj -c --target=aarch64-unknown-linux-ohos --sysroot=/Users/caidingding233/Library/OpenHarmony/Sdk/18/native/sysroot -fPIC -D_FILE_OFFSET_BITS=64 -O0 -Werror=implicit-function-declaration -Werror=unknown-warning-option -Werror=unused-command-line-argument -Werror=ignored-optimization-argument` -> 0
Running compile:
Working directory:  /Users/caidingding233/projects/qemu-hmos/third_party/deps/pixman/build-ohos/meson-private/tmpb9okb3yj
Code:

        #include <stddef.h>
        int main(void) { static int a[1-2*!(sizeof(void *) <= 9)]; a[0]=0; return 0; }
-----------
Command line: `/Users/caidingding233/Library/OpenHarmony/Sdk/18/native/llvm/bin/aarch64-unknown-linux-ohos-clang /Users/caidingding233/projects/qemu-hmos/third_party/deps/pixman/build-ohos/meson-private/tmpb9okb3yj/testfile.c -o /Users/caidingding233/projects/qemu-hmos/third_party/deps/pixman/build-ohos/meson-private/tmpb9okb3yj/output.obj -c --target=aarch64-unknown-linux-ohos --sysroot=/Users/caidingding233/Library/OpenHarmony/Sdk/18/native/sysroot -fPIC -D_FILE_OFFSET_BITS=64 -O0 -Werror=implicit-function-declaration -Werror=unknown-warning-option -Werror=unused-command-line-argument -Werror=ignored-optimization-argument` -> 0
Running compile:
Working directory:  /Users/caidingding233/projects/qemu-hmos/third_party/deps/pixman/build-ohos/meson-private/tmpcb3i12o5
Code:

        #include <stddef.h>
        int main(void) { static int a[1-2*!(sizeof(void *) <= 8)]; a[0]=0; return 0; }
-----------
Command line: `/Users/caidingding233/Library/OpenHarmony/Sdk/18/native/llvm/bin/aarch64-unknown-linux-ohos-clang /Users/caidingding233/projects/qemu-hmos/third_party/deps/pixman/build-ohos/meson-private/tmpcb3i12o5/testfile.c -o /Users/caidingding233/projects/qemu-hmos/third_party/deps/pixman/build-ohos/meson-private/tmpcb3i12o5/output.obj -c --target=aarch64-unknown-linux-ohos --sysroot=/Users/caidingding233/Library/OpenHarmony/Sdk/18/native/sysroot -fPIC -D_FILE_OFFSET_BITS=64 -O0 -Werror=implicit-function-declaration -Werror=unknown-warning-option -Werror=unused-command-line-argument -Werror=ignored-optimization-argument` -> 0
Running compile:
Working directory:  /Users/caidingding233/projects/qemu-hmos/third_party/deps/pixman/build-ohos/meson-private/tmpvims3b3m
Code:

-----------
Command line: `/Users/caidingding233/Library/OpenHarmony/Sdk/18/native/llvm/bin/aarch64-unknown-linux-ohos-clang /Users/caidingding233/projects/qemu-hmos/third_party/deps/pixman/build-ohos/meson-private/tmpvims3b3m/testfile.c -o /Users/caidingding233/projects/qemu-hmos/third_party/deps/pixman/build-ohos/meson-private/tmpvims3b3m/output.obj -c --target=aarch64-unknown-linux-ohos --sysroot=/Users/caidingding233/Library/OpenHarmony/Sdk/18/native/sysroot -fPIC -D_FILE_OFFSET_BITS=64 -O0 -Werror=implicit-function-declaration -Werror=unknown-warning-option -Werror=unused-command-line-argument -Werror=ignored-optimization-argument --print-search-dirs` -> 0
stdout:
programs: =/Users/caidingding233/Library/OpenHarmony/Sdk/18/native/llvm/bin
libraries: =/Users/caidingding233/Library/OpenHarmony/Sdk/18/native/llvm/lib/clang/15.0.4:/Users/caidingding233/Library/OpenHarmony/Sdk/18/native/llvm/lib/clang/15.0.4/lib/aarch64-linux-ohos:/Users/caidingding233/Library/OpenHarmony/Sdk/18/native/sysroot/usr/lib/:/Users/caidingding233/Library/OpenHarmony/Sdk/18/native/llvm/bin/../lib/aarch64-linux-ohos/:/Users/caidingding233/Library/OpenHarmony/Sdk/18/native/sysroot/usr/lib/aarch64-linux-ohos/
-----------
Running compile:
Working directory:  /Users/caidingding233/projects/qemu-hmos/third_party/deps/pixman/build-ohos/meson-private/tmpbox1gqo4
Code:
int main(void) { return 0; }

-----------
Command line: `/Users/caidingding233/Library/OpenHarmony/Sdk/18/native/llvm/bin/aarch64-unknown-linux-ohos-clang /Users/caidingding233/projects/qemu-hmos/third_party/deps/pixman/build-ohos/meson-private/tmpbox1gqo4/testfile.c -o /Users/caidingding233/projects/qemu-hmos/third_party/deps/pixman/build-ohos/meson-private/tmpbox1gqo4/output.exe --target=aarch64-unknown-linux-ohos --sysroot=/Users/caidingding233/Library/OpenHarmony/Sdk/18/native/sysroot -fPIC -D_FILE_OFFSET_BITS=64 -O0 -Werror=implicit-function-declaration -lm -Wl,--allow-shlib-undefined` -> 0
Run-time dependency glib-2.0 found: YES 2.85.4
Running compile:
Working directory:  /Users/caidingding233/projects/qemu-hmos/third_party/deps/pixman/build-ohos/meson-private/tmp_4ycws5n
Code:
int main(void) { return 0; }

-----------
Command line: `/Users/caidingding233/Library/OpenHarmony/Sdk/18/native/llvm/bin/aarch64-unknown-linux-ohos-clang /Users/caidingding233/projects/qemu-hmos/third_party/deps/pixman/build-ohos/meson-private/tmp_4ycws5n/testfile.c -o /Users/caidingding233/projects/qemu-hmos/third_party/deps/pixman/build-ohos/meson-private/tmp_4ycws5n/output.exe --target=aarch64-unknown-linux-ohos --sysroot=/Users/caidingding233/Library/OpenHarmony/Sdk/18/native/sysroot -fPIC -D_FILE_OFFSET_BITS=64 -O0 -Werror=implicit-function-declaration -lm -Wl,--allow-shlib-undefined` -> 0
Library m found: YES
Run-time dependency threads found: YES
Running compile:
Working directory:  /Users/caidingding233/projects/qemu-hmos/third_party/deps/pixman/build-ohos/meson-private/tmpsmhhcmgz
Code:

        #ifdef __has_include
         #if !__has_include("pthread.h")
          #error "Header 'pthread.h' could not be found"
         #endif
        #else
         #include <pthread.h>
        #endif
-----------
Command line: `/Users/caidingding233/Library/OpenHarmony/Sdk/18/native/llvm/bin/aarch64-unknown-linux-ohos-clang /Users/caidingding233/projects/qemu-hmos/third_party/deps/pixman/build-ohos/meson-private/tmpsmhhcmgz/testfile.c -E -P --target=aarch64-unknown-linux-ohos --sysroot=/Users/caidingding233/Library/OpenHarmony/Sdk/18/native/sysroot -fPIC -D_FILE_OFFSET_BITS=64 -P -O0 -Werror=implicit-function-declaration -std=gnu99` -> 0
Has header "pthread.h" : YES 
Running compile:
Working directory:  /Users/caidingding233/projects/qemu-hmos/third_party/deps/pixman/build-ohos/meson-private/tmpnlkvfkq0
Code:

        #define sigaction meson_disable_define_of_sigaction
        
        #include <limits.h>
        #undef sigaction
        
        #ifdef __cplusplus
        extern "C"
        #endif
        char sigaction (void);
        
        #if defined __stub_sigaction || defined __stub___sigaction
        fail fail fail this function is not going to work
        #endif
        
        int main(void) {
          return sigaction ();
        }
-----------
Command line: `/Users/caidingding233/Library/OpenHarmony/Sdk/18/native/llvm/bin/aarch64-unknown-linux-ohos-clang /Users/caidingding233/projects/qemu-hmos/third_party/deps/pixman/build-ohos/meson-private/tmpnlkvfkq0/testfile.c -o /Users/caidingding233/projects/qemu-hmos/third_party/deps/pixman/build-ohos/meson-private/tmpnlkvfkq0/output.exe --target=aarch64-unknown-linux-ohos --sysroot=/Users/caidingding233/Library/OpenHarmony/Sdk/18/native/sysroot -fPIC -D_FILE_OFFSET_BITS=64 -O0 -Werror=implicit-function-declaration -std=gnu99` -> 0
Checking for function "sigaction" : YES 
Running compile:
Working directory:  /Users/caidingding233/projects/qemu-hmos/third_party/deps/pixman/build-ohos/meson-private/tmp9am0ntzo
Code:

        #define alarm meson_disable_define_of_alarm
        
        #include <limits.h>
        #undef alarm
        
        #ifdef __cplusplus
        extern "C"
        #endif
        char alarm (void);
        
        #if defined __stub_alarm || defined __stub___alarm
        fail fail fail this function is not going to work
        #endif
        
        int main(void) {
          return alarm ();
        }
-----------
Command line: `/Users/caidingding233/Library/OpenHarmony/Sdk/18/native/llvm/bin/aarch64-unknown-linux-ohos-clang /Users/caidingding233/projects/qemu-hmos/third_party/deps/pixman/build-ohos/meson-private/tmp9am0ntzo/testfile.c -o /Users/caidingding233/projects/qemu-hmos/third_party/deps/pixman/build-ohos/meson-private/tmp9am0ntzo/output.exe --target=aarch64-unknown-linux-ohos --sysroot=/Users/caidingding233/Library/OpenHarmony/Sdk/18/native/sysroot -fPIC -D_FILE_OFFSET_BITS=64 -O0 -Werror=implicit-function-declaration -std=gnu99` -> 0
Checking for function "alarm" : YES 
Running compile:
Working directory:  /Users/caidingding233/projects/qemu-hmos/third_party/deps/pixman/build-ohos/meson-private/tmp2b_dnvum
Code:

        #define mprotect meson_disable_define_of_mprotect
        
        #include <limits.h>
        #undef mprotect
        
        #ifdef __cplusplus
        extern "C"
        #endif
        char mprotect (void);
        
        #if defined __stub_mprotect || defined __stub___mprotect
        fail fail fail this function is not going to work
        #endif
        
        int main(void) {
          return mprotect ();
        }
-----------
Command line: `/Users/caidingding233/Library/OpenHarmony/Sdk/18/native/llvm/bin/aarch64-unknown-linux-ohos-clang /Users/caidingding233/projects/qemu-hmos/third_party/deps/pixman/build-ohos/meson-private/tmp2b_dnvum/testfile.c -o /Users/caidingding233/projects/qemu-hmos/third_party/deps/pixman/build-ohos/meson-private/tmp2b_dnvum/output.exe --target=aarch64-unknown-linux-ohos --sysroot=/Users/caidingding233/Library/OpenHarmony/Sdk/18/native/sysroot -fPIC -D_FILE_OFFSET_BITS=64 -O0 -Werror=implicit-function-declaration -std=gnu99` -> 0
Checking for function "mprotect" : YES 
Running compile:
Working directory:  /Users/caidingding233/projects/qemu-hmos/third_party/deps/pixman/build-ohos/meson-private/tmppcucxnyl
Code:

        #define getpagesize meson_disable_define_of_getpagesize
        
        #include <limits.h>
        #undef getpagesize
        
        #ifdef __cplusplus
        extern "C"
        #endif
        char getpagesize (void);
        
        #if defined __stub_getpagesize || defined __stub___getpagesize
        fail fail fail this function is not going to work
        #endif
        
        int main(void) {
          return getpagesize ();
        }
-----------
Command line: `/Users/caidingding233/Library/OpenHarmony/Sdk/18/native/llvm/bin/aarch64-unknown-linux-ohos-clang /Users/caidingding233/projects/qemu-hmos/third_party/deps/pixman/build-ohos/meson-private/tmppcucxnyl/testfile.c -o /Users/caidingding233/projects/qemu-hmos/third_party/deps/pixman/build-ohos/meson-private/tmppcucxnyl/output.exe --target=aarch64-unknown-linux-ohos --sysroot=/Users/caidingding233/Library/OpenHarmony/Sdk/18/native/sysroot -fPIC -D_FILE_OFFSET_BITS=64 -O0 -Werror=implicit-function-declaration -std=gnu99` -> 0
Checking for function "getpagesize" : YES 
Running compile:
Working directory:  /Users/caidingding233/projects/qemu-hmos/third_party/deps/pixman/build-ohos/meson-private/tmpe8qdycnm
Code:

        #define mmap meson_disable_define_of_mmap
        
        #include <limits.h>
        #undef mmap
        
        #ifdef __cplusplus
        extern "C"
        #endif
        char mmap (void);
        
        #if defined __stub_mmap || defined __stub___mmap
        fail fail fail this function is not going to work
        #endif
        
        int main(void) {
          return mmap ();
        }
-----------
Command line: `/Users/caidingding233/Library/OpenHarmony/Sdk/18/native/llvm/bin/aarch64-unknown-linux-ohos-clang /Users/caidingding233/projects/qemu-hmos/third_party/deps/pixman/build-ohos/meson-private/tmpe8qdycnm/testfile.c -o /Users/caidingding233/projects/qemu-hmos/third_party/deps/pixman/build-ohos/meson-private/tmpe8qdycnm/output.exe --target=aarch64-unknown-linux-ohos --sysroot=/Users/caidingding233/Library/OpenHarmony/Sdk/18/native/sysroot -fPIC -D_FILE_OFFSET_BITS=64 -O0 -Werror=implicit-function-declaration -std=gnu99` -> 0
Checking for function "mmap" : YES 
Running compile:
Working directory:  /Users/caidingding233/projects/qemu-hmos/third_party/deps/pixman/build-ohos/meson-private/tmp9g55fwyp
Code:

        #define getisax meson_disable_define_of_getisax
        
        #include <limits.h>
        #undef getisax
        
        #ifdef __cplusplus
        extern "C"
        #endif
        char getisax (void);
        
        #if defined __stub_getisax || defined __stub___getisax
        fail fail fail this function is not going to work
        #endif
        
        int main(void) {
          return getisax ();
        }
-----------
Command line: `/Users/caidingding233/Library/OpenHarmony/Sdk/18/native/llvm/bin/aarch64-unknown-linux-ohos-clang /Users/caidingding233/projects/qemu-hmos/third_party/deps/pixman/build-ohos/meson-private/tmp9g55fwyp/testfile.c -o /Users/caidingding233/projects/qemu-hmos/third_party/deps/pixman/build-ohos/meson-private/tmp9g55fwyp/output.exe --target=aarch64-unknown-linux-ohos --sysroot=/Users/caidingding233/Library/OpenHarmony/Sdk/18/native/sysroot -fPIC -D_FILE_OFFSET_BITS=64 -O0 -Werror=implicit-function-declaration -std=gnu99` -> 1
stderr:
ld.lld: error: undefined symbol: getisax
>>> referenced by testfile.c
>>>               /var/folders/xr/zd6qfk3n09g8z4n8z17d678r0000gn/T/testfile-1863d1.o:(main)
clang: error: linker command failed with exit code 1 (use -v to see invocation)
-----------
Running compile:
Working directory:  /Users/caidingding233/projects/qemu-hmos/third_party/deps/pixman/build-ohos/meson-private/tmphn371vhw
Code:

        int main(void) {

        /* With some toolchains (MSYS2/mingw for example) the compiler
         * provides various builtins which are not really implemented and
         * fall back to the stdlib where they aren't provided and fail at
         * build/link time. In case the user provides a header, including
         * the header didn't lead to the function being defined, and the
         * function we are checking isn't a builtin itself we assume the
         * builtin is not functional and we just error out. */
        #if !1 && !defined(getisax) && !0
            #error "No definition for __builtin_getisax found in the prefix"
        #endif

        #ifdef __has_builtin
            #if !__has_builtin(__builtin_getisax)
                #error "__builtin_getisax not found"
            #endif
        #elif ! defined(getisax)
            __builtin_getisax;
        #endif
        return 0;
        }
-----------
Command line: `/Users/caidingding233/Library/OpenHarmony/Sdk/18/native/llvm/bin/aarch64-unknown-linux-ohos-clang /Users/caidingding233/projects/qemu-hmos/third_party/deps/pixman/build-ohos/meson-private/tmphn371vhw/testfile.c -o /Users/caidingding233/projects/qemu-hmos/third_party/deps/pixman/build-ohos/meson-private/tmphn371vhw/output.exe --target=aarch64-unknown-linux-ohos --sysroot=/Users/caidingding233/Library/OpenHarmony/Sdk/18/native/sysroot -fPIC -D_FILE_OFFSET_BITS=64 -O0 -Werror=implicit-function-declaration -std=gnu99` -> 1
stderr:
/Users/caidingding233/projects/qemu-hmos/third_party/deps/pixman/build-ohos/meson-private/tmphn371vhw/testfile.c:17:18: error: "__builtin_getisax not found"
                #error "__builtin_getisax not found"
                 ^
1 error generated.
-----------
Checking for function "getisax" : NO 
Running compile:
Working directory:  /Users/caidingding233/projects/qemu-hmos/third_party/deps/pixman/build-ohos/meson-private/tmpuh707xpj
Code:

        #define gettimeofday meson_disable_define_of_gettimeofday
        
        #include <limits.h>
        #undef gettimeofday
        
        #ifdef __cplusplus
        extern "C"
        #endif
        char gettimeofday (void);
        
        #if defined __stub_gettimeofday || defined __stub___gettimeofday
        fail fail fail this function is not going to work
        #endif
        
        int main(void) {
          return gettimeofday ();
        }
-----------
Command line: `/Users/caidingding233/Library/OpenHarmony/Sdk/18/native/llvm/bin/aarch64-unknown-linux-ohos-clang /Users/caidingding233/projects/qemu-hmos/third_party/deps/pixman/build-ohos/meson-private/tmpuh707xpj/testfile.c -o /Users/caidingding233/projects/qemu-hmos/third_party/deps/pixman/build-ohos/meson-private/tmpuh707xpj/output.exe --target=aarch64-unknown-linux-ohos --sysroot=/Users/caidingding233/Library/OpenHarmony/Sdk/18/native/sysroot -fPIC -D_FILE_OFFSET_BITS=64 -O0 -Werror=implicit-function-declaration -std=gnu99` -> 0
Checking for function "gettimeofday" : YES 
Running compile:
Working directory:  /Users/caidingding233/projects/qemu-hmos/third_party/deps/pixman/build-ohos/meson-private/tmp2_rpa_h8
Code:

        #define posix_memalign meson_disable_define_of_posix_memalign
        
        #include <limits.h>
        #undef posix_memalign
        
        #ifdef __cplusplus
        extern "C"
        #endif
        char posix_memalign (void);
        
        #if defined __stub_posix_memalign || defined __stub___posix_memalign
        fail fail fail this function is not going to work
        #endif
        
        int main(void) {
          return posix_memalign ();
        }
-----------
Command line: `/Users/caidingding233/Library/OpenHarmony/Sdk/18/native/llvm/bin/aarch64-unknown-linux-ohos-clang /Users/caidingding233/projects/qemu-hmos/third_party/deps/pixman/build-ohos/meson-private/tmp2_rpa_h8/testfile.c -o /Users/caidingding233/projects/qemu-hmos/third_party/deps/pixman/build-ohos/meson-private/tmp2_rpa_h8/output.exe --target=aarch64-unknown-linux-ohos --sysroot=/Users/caidingding233/Library/OpenHarmony/Sdk/18/native/sysroot -fPIC -D_FILE_OFFSET_BITS=64 -O0 -Werror=implicit-function-declaration -std=gnu99` -> 0
Checking for function "posix_memalign" : YES 
Running compile:
Working directory:  /Users/caidingding233/projects/qemu-hmos/third_party/deps/pixman/build-ohos/meson-private/tmp7qbxrsa3
Code:
#define _GNU_SOURCE
#include <fenv.h>
#include <limits.h>

        #if defined __stub_feenableexcept || defined __stub___feenableexcept
        fail fail fail this function is not going to work
        #endif
        
int main(void) {
            void *a = (void*) &feenableexcept;
            long long b = (long long) a;
            return (int) b;
        }
-----------
Command line: `/Users/caidingding233/Library/OpenHarmony/Sdk/18/native/llvm/bin/aarch64-unknown-linux-ohos-clang /Users/caidingding233/projects/qemu-hmos/third_party/deps/pixman/build-ohos/meson-private/tmp7qbxrsa3/testfile.c -o /Users/caidingding233/projects/qemu-hmos/third_party/deps/pixman/build-ohos/meson-private/tmp7qbxrsa3/output.exe --target=aarch64-unknown-linux-ohos --sysroot=/Users/caidingding233/Library/OpenHarmony/Sdk/18/native/sysroot -fPIC -D_FILE_OFFSET_BITS=64 -O0 -Werror=implicit-function-declaration -std=gnu99 -lm` -> 1
stderr:
/Users/caidingding233/projects/qemu-hmos/third_party/deps/pixman/build-ohos/meson-private/tmp7qbxrsa3/testfile.c:10:32: error: use of undeclared identifier 'feenableexcept'; did you mean 'feraiseexcept'?
            void *a = (void*) &feenableexcept;
                               ^~~~~~~~~~~~~~
                               feraiseexcept
/Users/caidingding233/Library/OpenHarmony/Sdk/18/native/sysroot/usr/include/fenv.h:12:5: note: 'feraiseexcept' declared here
int feraiseexcept(int);
    ^
1 error generated.
-----------
Running compile:
Working directory:  /Users/caidingding233/projects/qemu-hmos/third_party/deps/pixman/build-ohos/meson-private/tmp8k2hwor5
Code:
#define _GNU_SOURCE
#include <fenv.h>
        int main(void) {

        /* With some toolchains (MSYS2/mingw for example) the compiler
         * provides various builtins which are not really implemented and
         * fall back to the stdlib where they aren't provided and fail at
         * build/link time. In case the user provides a header, including
         * the header didn't lead to the function being defined, and the
         * function we are checking isn't a builtin itself we assume the
         * builtin is not functional and we just error out. */
        #if !0 && !defined(feenableexcept) && !0
            #error "No definition for __builtin_feenableexcept found in the prefix"
        #endif

        #ifdef __has_builtin
            #if !__has_builtin(__builtin_feenableexcept)
                #error "__builtin_feenableexcept not found"
            #endif
        #elif ! defined(feenableexcept)
            __builtin_feenableexcept;
        #endif
        return 0;
        }
-----------
Command line: `/Users/caidingding233/Library/OpenHarmony/Sdk/18/native/llvm/bin/aarch64-unknown-linux-ohos-clang /Users/caidingding233/projects/qemu-hmos/third_party/deps/pixman/build-ohos/meson-private/tmp8k2hwor5/testfile.c -o /Users/caidingding233/projects/qemu-hmos/third_party/deps/pixman/build-ohos/meson-private/tmp8k2hwor5/output.exe --target=aarch64-unknown-linux-ohos --sysroot=/Users/caidingding233/Library/OpenHarmony/Sdk/18/native/sysroot -fPIC -D_FILE_OFFSET_BITS=64 -O0 -Werror=implicit-function-declaration -std=gnu99 -lm` -> 1
stderr:
/Users/caidingding233/projects/qemu-hmos/third_party/deps/pixman/build-ohos/meson-private/tmp8k2hwor5/testfile.c:13:14: error: "No definition for __builtin_feenableexcept found in the prefix"
            #error "No definition for __builtin_feenableexcept found in the prefix"
             ^
/Users/caidingding233/projects/qemu-hmos/third_party/deps/pixman/build-ohos/meson-private/tmp8k2hwor5/testfile.c:18:18: error: "__builtin_feenableexcept not found"
                #error "__builtin_feenableexcept not found"
                 ^
2 errors generated.
-----------
Checking for function "feenableexcept" with dependency -lm: NO 
Running compile:
Working directory:  /Users/caidingding233/projects/qemu-hmos/third_party/deps/pixman/build-ohos/meson-private/tmpqgbqmhbi
Code:

        #include <fenv.h>
        int main(void) {
            /* If it's not defined as a macro, try to use as a symbol */
            #ifndef FE_DIVBYZERO
                FE_DIVBYZERO;
            #endif
            return 0;
        }
-----------
Command line: `/Users/caidingding233/Library/OpenHarmony/Sdk/18/native/llvm/bin/aarch64-unknown-linux-ohos-clang /Users/caidingding233/projects/qemu-hmos/third_party/deps/pixman/build-ohos/meson-private/tmpqgbqmhbi/testfile.c -o /Users/caidingding233/projects/qemu-hmos/third_party/deps/pixman/build-ohos/meson-private/tmpqgbqmhbi/output.obj -c --target=aarch64-unknown-linux-ohos --sysroot=/Users/caidingding233/Library/OpenHarmony/Sdk/18/native/sysroot -fPIC -D_FILE_OFFSET_BITS=64 -O0 -Werror=implicit-function-declaration -Werror=unknown-warning-option -Werror=unused-command-line-argument -Werror=ignored-optimization-argument -std=gnu99` -> 0
Header "fenv.h" has symbol "FE_DIVBYZERO" : YES 
Running compile:
Working directory:  /Users/caidingding233/projects/qemu-hmos/third_party/deps/pixman/build-ohos/meson-private/tmp8bzul0if
Code:

        #include <sys/mman.h>
-----------
Command line: `/Users/caidingding233/Library/OpenHarmony/Sdk/18/native/llvm/bin/aarch64-unknown-linux-ohos-clang /Users/caidingding233/projects/qemu-hmos/third_party/deps/pixman/build-ohos/meson-private/tmp8bzul0if/testfile.c -o /Users/caidingding233/projects/qemu-hmos/third_party/deps/pixman/build-ohos/meson-private/tmp8bzul0if/output.obj -c --target=aarch64-unknown-linux-ohos --sysroot=/Users/caidingding233/Library/OpenHarmony/Sdk/18/native/sysroot -fPIC -D_FILE_OFFSET_BITS=64 -O0 -Werror=implicit-function-declaration -Werror=unknown-warning-option -Werror=unused-command-line-argument -Werror=ignored-optimization-argument -std=gnu99` -> 0
Check usable header "sys/mman.h" : YES 
Running compile:
Working directory:  /Users/caidingding233/projects/qemu-hmos/third_party/deps/pixman/build-ohos/meson-private/tmp0u0lc3_7
Code:

        #include <fenv.h>
-----------
Command line: `/Users/caidingding233/Library/OpenHarmony/Sdk/18/native/llvm/bin/aarch64-unknown-linux-ohos-clang /Users/caidingding233/projects/qemu-hmos/third_party/deps/pixman/build-ohos/meson-private/tmp0u0lc3_7/testfile.c -o /Users/caidingding233/projects/qemu-hmos/third_party/deps/pixman/build-ohos/meson-private/tmp0u0lc3_7/output.obj -c --target=aarch64-unknown-linux-ohos --sysroot=/Users/caidingding233/Library/OpenHarmony/Sdk/18/native/sysroot -fPIC -D_FILE_OFFSET_BITS=64 -O0 -Werror=implicit-function-declaration -Werror=unknown-warning-option -Werror=unused-command-line-argument -Werror=ignored-optimization-argument -std=gnu99` -> 0
Check usable header "fenv.h" : YES 
Running compile:
Working directory:  /Users/caidingding233/projects/qemu-hmos/third_party/deps/pixman/build-ohos/meson-private/tmp4rh3jsvb
Code:

        #include <unistd.h>
-----------
Command line: `/Users/caidingding233/Library/OpenHarmony/Sdk/18/native/llvm/bin/aarch64-unknown-linux-ohos-clang /Users/caidingding233/projects/qemu-hmos/third_party/deps/pixman/build-ohos/meson-private/tmp4rh3jsvb/testfile.c -o /Users/caidingding233/projects/qemu-hmos/third_party/deps/pixman/build-ohos/meson-private/tmp4rh3jsvb/output.obj -c --target=aarch64-unknown-linux-ohos --sysroot=/Users/caidingding233/Library/OpenHarmony/Sdk/18/native/sysroot -fPIC -D_FILE_OFFSET_BITS=64 -O0 -Werror=implicit-function-declaration -Werror=unknown-warning-option -Werror=unused-command-line-argument -Werror=ignored-optimization-argument -std=gnu99` -> 0
Check usable header "unistd.h" : YES 
Running compile:
Working directory:  /Users/caidingding233/projects/qemu-hmos/third_party/deps/pixman/build-ohos/meson-private/tmphdz9sszd
Code:
int __thread foo;
-----------
Command line: `/Users/caidingding233/Library/OpenHarmony/Sdk/18/native/llvm/bin/aarch64-unknown-linux-ohos-clang /Users/caidingding233/projects/qemu-hmos/third_party/deps/pixman/build-ohos/meson-private/tmphdz9sszd/testfile.c -o /Users/caidingding233/projects/qemu-hmos/third_party/deps/pixman/build-ohos/meson-private/tmphdz9sszd/output.obj -c --target=aarch64-unknown-linux-ohos --sysroot=/Users/caidingding233/Library/OpenHarmony/Sdk/18/native/sysroot -fPIC -D_FILE_OFFSET_BITS=64 -O0 -Werror=implicit-function-declaration -Werror=unknown-warning-option -Werror=unused-command-line-argument -Werror=ignored-optimization-argument -std=gnu99` -> 0
Checking if "TLS via __thread" compiles: YES 
Running compile:
Working directory:  /Users/caidingding233/projects/qemu-hmos/third_party/deps/pixman/build-ohos/meson-private/tmp65o6o27d
Code:

    static int x = 1;
    static void __attribute__((constructor)) constructor_function () { x = 0; }
    int main (void) { return x; }
    
-----------
Command line: `/Users/caidingding233/Library/OpenHarmony/Sdk/18/native/llvm/bin/aarch64-unknown-linux-ohos-clang /Users/caidingding233/projects/qemu-hmos/third_party/deps/pixman/build-ohos/meson-private/tmp65o6o27d/testfile.c -o /Users/caidingding233/projects/qemu-hmos/third_party/deps/pixman/build-ohos/meson-private/tmp65o6o27d/output.exe --target=aarch64-unknown-linux-ohos --sysroot=/Users/caidingding233/Library/OpenHarmony/Sdk/18/native/sysroot -fPIC -D_FILE_OFFSET_BITS=64 -O0 -Werror=implicit-function-declaration -std=gnu99` -> 0
Checking if "__attribute__((constructor))" links: YES 
Running compile:
Working directory:  /Users/caidingding233/projects/qemu-hmos/third_party/deps/pixman/build-ohos/meson-private/tmp4vjdxyg_
Code:

    static int x = 1;
    static void __attribute__((destructor)) destructor_function () { x = 0; }
    int main (void) { return x; }
    
-----------
Command line: `/Users/caidingding233/Library/OpenHarmony/Sdk/18/native/llvm/bin/aarch64-unknown-linux-ohos-clang /Users/caidingding233/projects/qemu-hmos/third_party/deps/pixman/build-ohos/meson-private/tmp4vjdxyg_/testfile.c -o /Users/caidingding233/projects/qemu-hmos/third_party/deps/pixman/build-ohos/meson-private/tmp4vjdxyg_/output.exe --target=aarch64-unknown-linux-ohos --sysroot=/Users/caidingding233/Library/OpenHarmony/Sdk/18/native/sysroot -fPIC -D_FILE_OFFSET_BITS=64 -O0 -Werror=implicit-function-declaration -std=gnu99` -> 0
Checking if "__attribute__((destructor))" links: YES 
Running compile:
Working directory:  /Users/caidingding233/projects/qemu-hmos/third_party/deps/pixman/build-ohos/meson-private/tmpp393dh5m
Code:
 __float128 a = 1.0Q, b = 2.0Q; int main (void) { return a + b; }
-----------
Command line: `/Users/caidingding233/Library/OpenHarmony/Sdk/18/native/llvm/bin/aarch64-unknown-linux-ohos-clang /Users/caidingding233/projects/qemu-hmos/third_party/deps/pixman/build-ohos/meson-private/tmpp393dh5m/testfile.c -o /Users/caidingding233/projects/qemu-hmos/third_party/deps/pixman/build-ohos/meson-private/tmpp393dh5m/output.exe --target=aarch64-unknown-linux-ohos --sysroot=/Users/caidingding233/Library/OpenHarmony/Sdk/18/native/sysroot -fPIC -D_FILE_OFFSET_BITS=64 -O0 -Werror=implicit-function-declaration -std=gnu99` -> 1
stderr:
/Users/caidingding233/projects/qemu-hmos/third_party/deps/pixman/build-ohos/meson-private/tmpp393dh5m/testfile.c:1:2: error: __float128 is not supported on this target
 __float128 a = 1.0Q, b = 2.0Q; int main (void) { return a + b; }
 ^
/Users/caidingding233/projects/qemu-hmos/third_party/deps/pixman/build-ohos/meson-private/tmpp393dh5m/testfile.c:1:2: error: __float128 is not supported on this target
2 errors generated.
-----------
Checking if "Has float128 support" links: NO 
Running compile:
Working directory:  /Users/caidingding233/projects/qemu-hmos/third_party/deps/pixman/build-ohos/meson-private/tmpqumv0rji
Code:

        #define clz meson_disable_define_of_clz
        
        #include <limits.h>
        #undef clz
        
        #ifdef __cplusplus
        extern "C"
        #endif
        char clz (void);
        
        #if defined __stub_clz || defined __stub___clz
        fail fail fail this function is not going to work
        #endif
        
        int main(void) {
          return clz ();
        }
-----------
Command line: `/Users/caidingding233/Library/OpenHarmony/Sdk/18/native/llvm/bin/aarch64-unknown-linux-ohos-clang /Users/caidingding233/projects/qemu-hmos/third_party/deps/pixman/build-ohos/meson-private/tmpqumv0rji/testfile.c -o /Users/caidingding233/projects/qemu-hmos/third_party/deps/pixman/build-ohos/meson-private/tmpqumv0rji/output.exe --target=aarch64-unknown-linux-ohos --sysroot=/Users/caidingding233/Library/OpenHarmony/Sdk/18/native/sysroot -fPIC -D_FILE_OFFSET_BITS=64 -O0 -Werror=implicit-function-declaration -std=gnu99` -> 1
stderr:
ld.lld: error: undefined symbol: clz
>>> referenced by testfile.c
>>>               /var/folders/xr/zd6qfk3n09g8z4n8z17d678r0000gn/T/testfile-c3d57e.o:(main)
clang: error: linker command failed with exit code 1 (use -v to see invocation)
-----------
Running compile:
Working directory:  /Users/caidingding233/projects/qemu-hmos/third_party/deps/pixman/build-ohos/meson-private/tmpo0gzsiti
Code:

        int main(void) {

        /* With some toolchains (MSYS2/mingw for example) the compiler
         * provides various builtins which are not really implemented and
         * fall back to the stdlib where they aren't provided and fail at
         * build/link time. In case the user provides a header, including
         * the header didn't lead to the function being defined, and the
         * function we are checking isn't a builtin itself we assume the
         * builtin is not functional and we just error out. */
        #if !1 && !defined(clz) && !0
            #error "No definition for __builtin_clz found in the prefix"
        #endif

        #ifdef __has_builtin
            #if !__has_builtin(__builtin_clz)
                #error "__builtin_clz not found"
            #endif
        #elif ! defined(clz)
            __builtin_clz;
        #endif
        return 0;
        }
-----------
Command line: `/Users/caidingding233/Library/OpenHarmony/Sdk/18/native/llvm/bin/aarch64-unknown-linux-ohos-clang /Users/caidingding233/projects/qemu-hmos/third_party/deps/pixman/build-ohos/meson-private/tmpo0gzsiti/testfile.c -o /Users/caidingding233/projects/qemu-hmos/third_party/deps/pixman/build-ohos/meson-private/tmpo0gzsiti/output.exe --target=aarch64-unknown-linux-ohos --sysroot=/Users/caidingding233/Library/OpenHarmony/Sdk/18/native/sysroot -fPIC -D_FILE_OFFSET_BITS=64 -O0 -Werror=implicit-function-declaration -std=gnu99` -> 0
Checking for function "clz" : YES 
Running compile:
Working directory:  /Users/caidingding233/projects/qemu-hmos/third_party/deps/pixman/build-ohos/meson-private/tmpmbcmy2s2
Code:

    unsigned int __attribute__ ((vector_size(16))) e, a, b;
    int main (void) { e = a - ((b << 27) + (b >> (32 - 27))) + 1; return e[0]; }
    
-----------
Command line: `/Users/caidingding233/Library/OpenHarmony/Sdk/18/native/llvm/bin/aarch64-unknown-linux-ohos-clang /Users/caidingding233/projects/qemu-hmos/third_party/deps/pixman/build-ohos/meson-private/tmpmbcmy2s2/testfile.c -o /Users/caidingding233/projects/qemu-hmos/third_party/deps/pixman/build-ohos/meson-private/tmpmbcmy2s2/output.exe --target=aarch64-unknown-linux-ohos --sysroot=/Users/caidingding233/Library/OpenHarmony/Sdk/18/native/sysroot -fPIC -D_FILE_OFFSET_BITS=64 -O0 -Werror=implicit-function-declaration -std=gnu99` -> 0
Checking if "Support for GCC vector extensions" links: YES 
Running compile:
Working directory:  /Users/caidingding233/projects/qemu-hmos/third_party/deps/pixman/build-ohos/meson-private/tmpzz0qfg9e
Code:

        #include <stddef.h>
        int main(void) {
            long something;
            return 0;
        }
-----------
Command line: `/Users/caidingding233/Library/OpenHarmony/Sdk/18/native/llvm/bin/aarch64-unknown-linux-ohos-clang /Users/caidingding233/projects/qemu-hmos/third_party/deps/pixman/build-ohos/meson-private/tmpzz0qfg9e/testfile.c -o /Users/caidingding233/projects/qemu-hmos/third_party/deps/pixman/build-ohos/meson-private/tmpzz0qfg9e/output.obj -c --target=aarch64-unknown-linux-ohos --sysroot=/Users/caidingding233/Library/OpenHarmony/Sdk/18/native/sysroot -fPIC -D_FILE_OFFSET_BITS=64 -O0 -Werror=implicit-function-declaration -Werror=unknown-warning-option -Werror=unused-command-line-argument -Werror=ignored-optimization-argument -std=gnu99` -> 0
Running compile:
Working directory:  /var/folders/xr/zd6qfk3n09g8z4n8z17d678r0000gn/T/tmp10f4jv27
Code:

        
        #ifndef sizeof(long)
        # define sizeof(long) "MESON_GET_DEFINE_UNDEFINED_SENTINEL"
        #endif
        "MESON_GET_DEFINE_DELIMITER_START"
sizeof(long)
"MESON_GET_DEFINE_DELIMITER_END"
-----------
Command line: `/Users/caidingding233/Library/OpenHarmony/Sdk/18/native/llvm/bin/aarch64-unknown-linux-ohos-clang /var/folders/xr/zd6qfk3n09g8z4n8z17d678r0000gn/T/tmp10f4jv27/testfile.c -E -P --target=aarch64-unknown-linux-ohos --sysroot=/Users/caidingding233/Library/OpenHarmony/Sdk/18/native/sysroot -fPIC -D_FILE_OFFSET_BITS=64 -P -O0 -Werror=implicit-function-declaration -std=gnu99` -> 0
stdout:
"MESON_GET_DEFINE_DELIMITER_START"
"MESON_GET_DEFINE_UNDEFINED_SENTINEL"
"MESON_GET_DEFINE_DELIMITER_END"
-----------
stderr:
/var/folders/xr/zd6qfk3n09g8z4n8z17d678r0000gn/T/tmp10f4jv27/testfile.c:3:23: warning: extra tokens at end of #ifndef directive [-Wextra-tokens]
        #ifndef sizeof(long)
                      ^
                      //
1 warning generated.
-----------
Running compile:
Working directory:  /Users/caidingding233/projects/qemu-hmos/third_party/deps/pixman/build-ohos/meson-private/tmp9ctq7sci
Code:

                #include <stdio.h>
                #include <stdint.h>
                int main(void) { int expression = None; printf("%d", expression); return 0; }
-----------
Command line: `cc /Users/caidingding233/projects/qemu-hmos/third_party/deps/pixman/build-ohos/meson-private/tmp9ctq7sci/testfile.c -o /Users/caidingding233/projects/qemu-hmos/third_party/deps/pixman/build-ohos/meson-private/tmp9ctq7sci/output.exe -O0 -Werror=implicit-function-declaration` -> 1
stderr:
/Users/caidingding233/projects/qemu-hmos/third_party/deps/pixman/build-ohos/meson-private/tmp9ctq7sci/testfile.c:4:51: error: use of undeclared identifier 'None'
    4 |                 int main(void) { int expression = None; printf("%d", expression); return 0; }
      |                                                   ^
1 error generated.
-----------
Could not compile test file /Users/caidingding233/projects/qemu-hmos/third_party/deps/pixman/build-ohos/meson-private/tmp9ctq7sci/testfile.c: 1

Running compile:
Working directory:  /Users/caidingding233/projects/qemu-hmos/third_party/deps/pixman/build-ohos/meson-private/tmp6ou6tida
Code:

        #include <stddef.h>
        int main(void) { static int a[1-2*!(sizeof(long) >= 0)]; a[0]=0; return 0; }
-----------
Command line: `/Users/caidingding233/Library/OpenHarmony/Sdk/18/native/llvm/bin/aarch64-unknown-linux-ohos-clang /Users/caidingding233/projects/qemu-hmos/third_party/deps/pixman/build-ohos/meson-private/tmp6ou6tida/testfile.c -o /Users/caidingding233/projects/qemu-hmos/third_party/deps/pixman/build-ohos/meson-private/tmp6ou6tida/output.obj -c --target=aarch64-unknown-linux-ohos --sysroot=/Users/caidingding233/Library/OpenHarmony/Sdk/18/native/sysroot -fPIC -D_FILE_OFFSET_BITS=64 -O0 -Werror=implicit-function-declaration -Werror=unknown-warning-option -Werror=unused-command-line-argument -Werror=ignored-optimization-argument -std=gnu99` -> 0
Running compile:
Working directory:  /Users/caidingding233/projects/qemu-hmos/third_party/deps/pixman/build-ohos/meson-private/tmpb5v0519f
Code:

        #include <stddef.h>
        int main(void) { static int a[1-2*!(sizeof(long) > 0)]; a[0]=0; return 0; }
-----------
Command line: `/Users/caidingding233/Library/OpenHarmony/Sdk/18/native/llvm/bin/aarch64-unknown-linux-ohos-clang /Users/caidingding233/projects/qemu-hmos/third_party/deps/pixman/build-ohos/meson-private/tmpb5v0519f/testfile.c -o /Users/caidingding233/projects/qemu-hmos/third_party/deps/pixman/build-ohos/meson-private/tmpb5v0519f/output.obj -c --target=aarch64-unknown-linux-ohos --sysroot=/Users/caidingding233/Library/OpenHarmony/Sdk/18/native/sysroot -fPIC -D_FILE_OFFSET_BITS=64 -O0 -Werror=implicit-function-declaration -Werror=unknown-warning-option -Werror=unused-command-line-argument -Werror=ignored-optimization-argument -std=gnu99` -> 0
Running compile:
Working directory:  /Users/caidingding233/projects/qemu-hmos/third_party/deps/pixman/build-ohos/meson-private/tmpe5d46i1o
Code:

        #include <stddef.h>
        int main(void) { static int a[1-2*!(sizeof(long) > 1)]; a[0]=0; return 0; }
-----------
Command line: `/Users/caidingding233/Library/OpenHarmony/Sdk/18/native/llvm/bin/aarch64-unknown-linux-ohos-clang /Users/caidingding233/projects/qemu-hmos/third_party/deps/pixman/build-ohos/meson-private/tmpe5d46i1o/testfile.c -o /Users/caidingding233/projects/qemu-hmos/third_party/deps/pixman/build-ohos/meson-private/tmpe5d46i1o/output.obj -c --target=aarch64-unknown-linux-ohos --sysroot=/Users/caidingding233/Library/OpenHarmony/Sdk/18/native/sysroot -fPIC -D_FILE_OFFSET_BITS=64 -O0 -Werror=implicit-function-declaration -Werror=unknown-warning-option -Werror=unused-command-line-argument -Werror=ignored-optimization-argument -std=gnu99` -> 0
Running compile:
Working directory:  /Users/caidingding233/projects/qemu-hmos/third_party/deps/pixman/build-ohos/meson-private/tmp_5aqxix9
Code:

        #include <stddef.h>
        int main(void) { static int a[1-2*!(sizeof(long) > 3)]; a[0]=0; return 0; }
-----------
Command line: `/Users/caidingding233/Library/OpenHarmony/Sdk/18/native/llvm/bin/aarch64-unknown-linux-ohos-clang /Users/caidingding233/projects/qemu-hmos/third_party/deps/pixman/build-ohos/meson-private/tmp_5aqxix9/testfile.c -o /Users/caidingding233/projects/qemu-hmos/third_party/deps/pixman/build-ohos/meson-private/tmp_5aqxix9/output.obj -c --target=aarch64-unknown-linux-ohos --sysroot=/Users/caidingding233/Library/OpenHarmony/Sdk/18/native/sysroot -fPIC -D_FILE_OFFSET_BITS=64 -O0 -Werror=implicit-function-declaration -Werror=unknown-warning-option -Werror=unused-command-line-argument -Werror=ignored-optimization-argument -std=gnu99` -> 0
Running compile:
Working directory:  /Users/caidingding233/projects/qemu-hmos/third_party/deps/pixman/build-ohos/meson-private/tmp3j873_d6
Code:

        #include <stddef.h>
        int main(void) { static int a[1-2*!(sizeof(long) > 7)]; a[0]=0; return 0; }
-----------
Command line: `/Users/caidingding233/Library/OpenHarmony/Sdk/18/native/llvm/bin/aarch64-unknown-linux-ohos-clang /Users/caidingding233/projects/qemu-hmos/third_party/deps/pixman/build-ohos/meson-private/tmp3j873_d6/testfile.c -o /Users/caidingding233/projects/qemu-hmos/third_party/deps/pixman/build-ohos/meson-private/tmp3j873_d6/output.obj -c --target=aarch64-unknown-linux-ohos --sysroot=/Users/caidingding233/Library/OpenHarmony/Sdk/18/native/sysroot -fPIC -D_FILE_OFFSET_BITS=64 -O0 -Werror=implicit-function-declaration -Werror=unknown-warning-option -Werror=unused-command-line-argument -Werror=ignored-optimization-argument -std=gnu99` -> 0
Running compile:
Working directory:  /Users/caidingding233/projects/qemu-hmos/third_party/deps/pixman/build-ohos/meson-private/tmp16y58j_y
Code:

        #include <stddef.h>
        int main(void) { static int a[1-2*!(sizeof(long) > 15)]; a[0]=0; return 0; }
-----------
Command line: `/Users/caidingding233/Library/OpenHarmony/Sdk/18/native/llvm/bin/aarch64-unknown-linux-ohos-clang /Users/caidingding233/projects/qemu-hmos/third_party/deps/pixman/build-ohos/meson-private/tmp16y58j_y/testfile.c -o /Users/caidingding233/projects/qemu-hmos/third_party/deps/pixman/build-ohos/meson-private/tmp16y58j_y/output.obj -c --target=aarch64-unknown-linux-ohos --sysroot=/Users/caidingding233/Library/OpenHarmony/Sdk/18/native/sysroot -fPIC -D_FILE_OFFSET_BITS=64 -O0 -Werror=implicit-function-declaration -Werror=unknown-warning-option -Werror=unused-command-line-argument -Werror=ignored-optimization-argument -std=gnu99` -> 1
stderr:
/Users/caidingding233/projects/qemu-hmos/third_party/deps/pixman/build-ohos/meson-private/tmp16y58j_y/testfile.c:3:39: error: 'a' declared as an array with a negative size
        int main(void) { static int a[1-2*!(sizeof(long) > 15)]; a[0]=0; return 0; }
                                      ^~~~~~~~~~~~~~~~~~~~~~~~
1 error generated.
-----------
Running compile:
Working directory:  /Users/caidingding233/projects/qemu-hmos/third_party/deps/pixman/build-ohos/meson-private/tmpl0rfra2m
Code:

        #include <stddef.h>
        int main(void) { static int a[1-2*!(sizeof(long) <= 11)]; a[0]=0; return 0; }
-----------
Command line: `/Users/caidingding233/Library/OpenHarmony/Sdk/18/native/llvm/bin/aarch64-unknown-linux-ohos-clang /Users/caidingding233/projects/qemu-hmos/third_party/deps/pixman/build-ohos/meson-private/tmpl0rfra2m/testfile.c -o /Users/caidingding233/projects/qemu-hmos/third_party/deps/pixman/build-ohos/meson-private/tmpl0rfra2m/output.obj -c --target=aarch64-unknown-linux-ohos --sysroot=/Users/caidingding233/Library/OpenHarmony/Sdk/18/native/sysroot -fPIC -D_FILE_OFFSET_BITS=64 -O0 -Werror=implicit-function-declaration -Werror=unknown-warning-option -Werror=unused-command-line-argument -Werror=ignored-optimization-argument -std=gnu99` -> 0
Running compile:
Working directory:  /Users/caidingding233/projects/qemu-hmos/third_party/deps/pixman/build-ohos/meson-private/tmp_1t8t6fa
Code:

        #include <stddef.h>
        int main(void) { static int a[1-2*!(sizeof(long) <= 9)]; a[0]=0; return 0; }
-----------
Command line: `/Users/caidingding233/Library/OpenHarmony/Sdk/18/native/llvm/bin/aarch64-unknown-linux-ohos-clang /Users/caidingding233/projects/qemu-hmos/third_party/deps/pixman/build-ohos/meson-private/tmp_1t8t6fa/testfile.c -o /Users/caidingding233/projects/qemu-hmos/third_party/deps/pixman/build-ohos/meson-private/tmp_1t8t6fa/output.obj -c --target=aarch64-unknown-linux-ohos --sysroot=/Users/caidingding233/Library/OpenHarmony/Sdk/18/native/sysroot -fPIC -D_FILE_OFFSET_BITS=64 -O0 -Werror=implicit-function-declaration -Werror=unknown-warning-option -Werror=unused-command-line-argument -Werror=ignored-optimization-argument -std=gnu99` -> 0
Running compile:
Working directory:  /Users/caidingding233/projects/qemu-hmos/third_party/deps/pixman/build-ohos/meson-private/tmpux5fn460
Code:

        #include <stddef.h>
        int main(void) { static int a[1-2*!(sizeof(long) <= 8)]; a[0]=0; return 0; }
-----------
Command line: `/Users/caidingding233/Library/OpenHarmony/Sdk/18/native/llvm/bin/aarch64-unknown-linux-ohos-clang /Users/caidingding233/projects/qemu-hmos/third_party/deps/pixman/build-ohos/meson-private/tmpux5fn460/testfile.c -o /Users/caidingding233/projects/qemu-hmos/third_party/deps/pixman/build-ohos/meson-private/tmpux5fn460/output.obj -c --target=aarch64-unknown-linux-ohos --sysroot=/Users/caidingding233/Library/OpenHarmony/Sdk/18/native/sysroot -fPIC -D_FILE_OFFSET_BITS=64 -O0 -Werror=implicit-function-declaration -Werror=unknown-warning-option -Werror=unused-command-line-argument -Werror=ignored-optimization-argument -std=gnu99` -> 0
Checking for size of "long" : 8 
Configuring pixman-config.h using configuration
Configuring pixman-version.h using configuration
Build targets in project: 2

pixman 0.46.5

  User defined options
    Cross files    : /Users/caidingding233/projects/qemu-hmos/third_party/deps/.ohos-build/toolchain/aarch64-unknown-linux-ohos.ini
    buildtype      : release
    default_library: static
    demos          : disabled
    gnuplot        : false
    gtk            : disabled
    libdir         : lib
    libpng         : disabled
    openmp         : disabled
    prefix         : /Users/caidingding233/projects/qemu-hmos/third_party/deps/install-ohos
    tests          : disabled
    timers         : false
    wrap_mode      : nodownload

Found ninja-1.13.1 at /opt/homebrew/bin/ninja
